<?xml version="1.0" encoding="UTF-8"?>
<!-- Generated by org.testng.reporters.JUnitReportReporter -->
<testsuite hostname="TORNEDO" failures="0" tests="1" name="projectTestCases.NewTest1" time="0.029" errors="0" timestamp="2023-03-01T11:27:17 IST" skipped="0">
  <testcase classname="projectTestCases.NewTest1" name="test" time="0.029"/>
  <system-out/>
</testsuite> <!-- projectTestCases.NewTest1 -->
