<?xml version="1.0" encoding="UTF-8"?>
<!-- Generated by org.testng.reporters.JUnitReportReporter -->
<testsuite hostname="TORNEDO" failures="0" tests="5" name="projectTestCases.ManageExpenseTestCase" time="36.464" errors="0" timestamp="2023-03-09T12:36:21 IST" skipped="0">
  <testcase classname="projectTestCases.ManageExpenseTestCase" name="verifyClickManageExpense" time="6.371"/>
  <system-out/>
  <testcase classname="projectTestCases.ManageExpenseTestCase" name="verifyFileUpload" time="9.846"/>
  <system-out/>
  <testcase classname="projectTestCases.ManageExpenseTestCase" name="verifyDeleteAndGetTextOfAlert" time="6.629"/>
  <system-out/>
  <testcase classname="projectTestCases.ManageExpenseTestCase" name="verifySearchInList" time="7.117"/>
  <system-out/>
  <testcase classname="projectTestCases.ManageExpenseTestCase" name="verifyClickMnageExpenseSub" time="6.501"/>
  <system-out/>
</testsuite> <!-- projectTestCases.ManageExpenseTestCase -->
