<?xml version="1.0" encoding="UTF-8"?>
<!-- Generated by org.testng.reporters.JUnitReportReporter -->
<testsuite hostname="TORNEDO" failures="0" tests="2" name="projectTestCases.ManageUsersTestCase" time="13.313" errors="0" timestamp="2023-03-09T12:36:21 IST" skipped="0">
  <testcase classname="projectTestCases.ManageUsersTestCase" name="verifyTextOfDynamicFindTableElement" time="6.649"/>
  <system-out/>
  <testcase classname="projectTestCases.ManageUsersTestCase" name="verifySreelakshmiGopanandClickDROPDownLikeSymbol" time="6.664"/>
  <system-out/>
</testsuite> <!-- projectTestCases.ManageUsersTestCase -->
