<?xml version="1.0" encoding="UTF-8"?>
<!-- Generated by org.testng.reporters.JUnitReportReporter -->
<testsuite hostname="TORNEDO" failures="0" tests="5" name="projectTestCases.ManageExpenseTestCase" time="28.770" errors="0" timestamp="2023-03-09T11:14:05 IST" skipped="0">
  <testcase classname="projectTestCases.ManageExpenseTestCase" name="verifyClickManageExpense" time="4.598"/>
  <system-out/>
  <testcase classname="projectTestCases.ManageExpenseTestCase" name="verifySearchInList" time="5.670"/>
  <system-out/>
  <testcase classname="projectTestCases.ManageExpenseTestCase" name="verifyFileUpload" time="8.283"/>
  <system-out/>
  <testcase classname="projectTestCases.ManageExpenseTestCase" name="verifyClickMnageExpenseSub" time="4.969"/>
  <system-out/>
  <testcase classname="projectTestCases.ManageExpenseTestCase" name="verifyDeleteAndGetTextOfAlert" time="5.250"/>
  <system-out/>
</testsuite> <!-- projectTestCases.ManageExpenseTestCase -->
