<?xml version="1.0" encoding="UTF-8"?>
<!-- Generated by org.testng.reporters.JUnitReportReporter -->
<testsuite hostname="TORNEDO" failures="0" tests="5" name="projectTestCases.LoginTestCases" time="22.751" errors="0" timestamp="2023-03-09T11:14:05 IST" skipped="0">
  <testcase classname="projectTestCases.LoginTestCases" name="verifySignInGetText" time="3.542"/>
  <system-out/>
  <testcase classname="projectTestCases.LoginTestCases" name="verifyremberMeunSelected" time="3.643"/>
  <system-out/>
  <testcase classname="projectTestCases.LoginTestCases" name="verifyLogin" time="4.280"/>
  <system-out/>
  <testcase classname="projectTestCases.LoginTestCases" name="verifyCSSValueofSignIn" time="6.237"/>
  <system-out/>
  <testcase classname="projectTestCases.LoginTestCases" name="verifyDataFromExcel" time="5.049"/>
  <system-out/>
</testsuite> <!-- projectTestCases.LoginTestCases -->
